2025-11-13 19:07:50,468 [Worker-2: Loading available Gradle versions] INFO  o.e.b.c.i.u.g.PublishedGradleVersions - Gradle version information cache is not available. Remote download required.
2025-11-14 10:55:19,944 [Worker-4: Loading available Gradle versions] INFO  o.e.b.c.i.u.g.PublishedGradleVersions - Gradle version information cache is up-to-date. Trying to read.
2025-11-14 10:56:23,242 [Worker-8: Loading available Gradle versions] INFO  o.e.b.c.i.u.g.PublishedGradleVersions - Gradle version information cache is up-to-date. Trying to read.
2025-11-14 10:59:03,733 [Worker-15: Updating Maven Dependencies] INFO  o.e.m.c.i.l.LifecycleMappingFactory - Using org.eclipse.m2e.jdt.JarLifecycleMapping lifecycle mapping for MavenProject: com.yg.microservices:product-service:0.0.1-SNAPSHOT @ C:\Users\hvpra\Desktop\Yanjare\Micro-services\product-service\pom.xml.
2025-11-14 10:59:04,031 [Worker-15: Updating Maven Dependencies] WARN  o.e.m.c.i.embedder.EclipseLogger - The POM for org.mongodb:mongodb-driver-core:jar:5.5.2 is invalid, transitive dependencies (if any) will not be available: 4 problems were encountered while building the effective model for org.mongodb:mongodb-driver-core:5.5.2
[FATAL] Non-parseable POM C:\Users\hvpra\.m2\repository\io\netty\netty-bom\4.1.87.Final\netty-bom-4.1.87.Final.pom: end tag name </head> must be the same as start tag <link> from line 15 (position: TEXT seen ...</script>\n\n\n</head>... @20:8)  @ C:\Users\hvpra\.m2\repository\io\netty\netty-bom\4.1.87.Final\netty-bom-4.1.87.Final.pom, line 20, column 8
[ERROR] 'dependencies.dependency.version' for io.netty:netty-buffer:jar is missing. @ 
[ERROR] 'dependencies.dependency.version' for io.netty:netty-handler:jar is missing. @ 
[ERROR] 'dependencies.dependency.version' for io.netty:netty-transport:jar is missing. @ 

2025-11-14 10:59:07,936 [Worker-18: Building] INFO  o.a.m.s.f.DefaultMavenResourcesFiltering - Copying 1 resource from src\main\resources to target\classes
2025-11-14 10:59:07,967 [Worker-18: Building] INFO  o.a.m.s.f.DefaultMavenResourcesFiltering - Copying 0 resource from src\main\resources to target\classes
2025-11-14 10:59:07,975 [Worker-18: Building] INFO  o.a.m.s.f.DefaultMavenResourcesFiltering - skip non existing resourceDirectory C:\Users\hvpra\Desktop\Yanjare\Micro-services\product-service\src\test\resources
2025-11-14 11:19:59,434 [Worker-6: Loading available Gradle versions] INFO  o.e.b.c.i.u.g.PublishedGradleVersions - Gradle version information cache is up-to-date. Trying to read.
2025-11-14 11:30:44,550 [Worker-4: Building] WARN  o.e.m.c.i.embedder.EclipseLogger - The POM for org.mongodb:mongodb-driver-core:jar:5.5.2 is invalid, transitive dependencies (if any) will not be available: 4 problems were encountered while building the effective model for org.mongodb:mongodb-driver-core:5.5.2
[FATAL] Non-parseable POM C:\Users\hvpra\.m2\repository\io\netty\netty-bom\4.1.87.Final\netty-bom-4.1.87.Final.pom: end tag name </head> must be the same as start tag <link> from line 15 (position: TEXT seen ...</script>\n\n\n</head>... @20:8)  @ C:\Users\hvpra\.m2\repository\io\netty\netty-bom\4.1.87.Final\netty-bom-4.1.87.Final.pom, line 20, column 8
[ERROR] 'dependencies.dependency.version' for io.netty:netty-buffer:jar is missing. @ 
[ERROR] 'dependencies.dependency.version' for io.netty:netty-handler:jar is missing. @ 
[ERROR] 'dependencies.dependency.version' for io.netty:netty-transport:jar is missing. @ 

2025-11-14 11:30:45,646 [Worker-4: Building] INFO  o.a.m.s.f.DefaultMavenResourcesFiltering - Copying 1 resource from src\main\resources to target\classes
2025-11-14 11:30:45,666 [Worker-4: Building] INFO  o.a.m.s.f.DefaultMavenResourcesFiltering - Copying 0 resource from src\main\resources to target\classes
2025-11-14 11:30:45,673 [Worker-4: Building] INFO  o.a.m.s.f.DefaultMavenResourcesFiltering - skip non existing resourceDirectory C:\Users\hvpra\Desktop\Yanjare\Micro-services\product-service\src\test\resources
2025-11-14 11:33:55,047 [Worker-3: Building] INFO  o.a.m.s.f.DefaultMavenResourcesFiltering - Copying 1 resource from src\main\resources to target\classes
2025-11-14 11:33:55,057 [Worker-3: Building] INFO  o.a.m.s.f.DefaultMavenResourcesFiltering - Copying 0 resource from src\main\resources to target\classes
2025-11-14 11:33:55,064 [Worker-3: Building] INFO  o.a.m.s.f.DefaultMavenResourcesFiltering - skip non existing resourceDirectory C:\Users\hvpra\Desktop\Yanjare\Micro-services\product-service\src\test\resources
2025-11-14 11:41:31,271 [Worker-11: Building] INFO  o.a.m.s.f.DefaultMavenResourcesFiltering - Copying 1 resource from src\main\resources to target\classes
2025-11-14 11:41:31,278 [Worker-11: Building] INFO  o.a.m.s.f.DefaultMavenResourcesFiltering - Copying 0 resource from src\main\resources to target\classes
2025-11-14 11:41:31,283 [Worker-11: Building] INFO  o.a.m.s.f.DefaultMavenResourcesFiltering - skip non existing resourceDirectory C:\Users\hvpra\Desktop\Yanjare\Micro-services\product-service\src\test\resources
2025-11-14 11:45:09,298 [Worker-17: Building] INFO  o.a.m.s.f.DefaultMavenResourcesFiltering - Copying 1 resource from src\main\resources to target\classes
2025-11-14 11:45:09,308 [Worker-17: Building] INFO  o.a.m.s.f.DefaultMavenResourcesFiltering - Copying 0 resource from src\main\resources to target\classes
2025-11-14 11:45:09,318 [Worker-17: Building] INFO  o.a.m.s.f.DefaultMavenResourcesFiltering - skip non existing resourceDirectory C:\Users\hvpra\Desktop\Yanjare\Micro-services\product-service\src\test\resources
2025-11-14 11:48:04,042 [Worker-17: Building] INFO  o.a.m.s.f.DefaultMavenResourcesFiltering - Copying 1 resource from src\main\resources to target\classes
2025-11-14 11:48:04,049 [Worker-17: Building] INFO  o.a.m.s.f.DefaultMavenResourcesFiltering - Copying 0 resource from src\main\resources to target\classes
2025-11-14 11:48:04,053 [Worker-17: Building] INFO  o.a.m.s.f.DefaultMavenResourcesFiltering - skip non existing resourceDirectory C:\Users\hvpra\Desktop\Yanjare\Micro-services\product-service\src\test\resources
2025-11-14 12:11:37,500 [Worker-14: Building] INFO  o.a.m.s.f.DefaultMavenResourcesFiltering - Copying 1 resource from src\main\resources to target\classes
2025-11-14 12:11:37,522 [Worker-14: Building] INFO  o.a.m.s.f.DefaultMavenResourcesFiltering - Copying 0 resource from src\main\resources to target\classes
2025-11-14 12:11:37,542 [Worker-14: Building] INFO  o.a.m.s.f.DefaultMavenResourcesFiltering - skip non existing resourceDirectory C:\Users\hvpra\Desktop\Yanjare\Micro-services\product-service\src\test\resources
2025-11-14 12:12:03,081 [Worker-3: Loading available Gradle versions] INFO  o.e.b.c.i.u.g.PublishedGradleVersions - Gradle version information cache is up-to-date. Trying to read.
2025-11-14 12:15:17,903 [Worker-14: Launching Executing clean in C__Users_hvpra_Desktop_Yanjare_Micro-services_product-service] INFO  o.eclipse.m2e.core.internal.Bundles - getClasspathEntries(Bundle=org.eclipse.m2e.maven.runtime_3.9.900.20240824-1409 [298])
2025-11-14 12:15:17,908 [Worker-14: Launching Executing clean in C__Users_hvpra_Desktop_Yanjare_Micro-services_product-service] INFO  o.eclipse.m2e.core.internal.Bundles - 	Entry: C:\Users\hvpra\.p2\pool\plugins\org.eclipse.m2e.maven.runtime_3.9.900.20240824-1409
2025-11-14 12:15:17,909 [Worker-14: Launching Executing clean in C__Users_hvpra_Desktop_Yanjare_Micro-services_product-service] INFO  o.eclipse.m2e.core.internal.Bundles - 	Entry: C:\Users\hvpra\.p2\pool\plugins\org.eclipse.m2e.maven.runtime_3.9.900.20240824-1409\jars\aopalliance-1.0.jar
2025-11-14 12:15:17,910 [Worker-14: Launching Executing clean in C__Users_hvpra_Desktop_Yanjare_Micro-services_product-service] INFO  o.eclipse.m2e.core.internal.Bundles - 	Entry: C:\Users\hvpra\.p2\pool\plugins\org.eclipse.m2e.maven.runtime_3.9.900.20240824-1409\jars\guice-5.1.0.jar
2025-11-14 12:15:17,910 [Worker-14: Launching Executing clean in C__Users_hvpra_Desktop_Yanjare_Micro-services_product-service] INFO  o.eclipse.m2e.core.internal.Bundles - 	Entry: C:\Users\hvpra\.p2\pool\plugins\org.eclipse.m2e.maven.runtime_3.9.900.20240824-1409\jars\httpclient-4.5.14.jar
2025-11-14 12:15:17,910 [Worker-14: Launching Executing clean in C__Users_hvpra_Desktop_Yanjare_Micro-services_product-service] INFO  o.eclipse.m2e.core.internal.Bundles - 	Entry: C:\Users\hvpra\.p2\pool\plugins\org.eclipse.m2e.maven.runtime_3.9.900.20240824-1409\jars\httpcore-4.4.16.jar
2025-11-14 12:15:17,911 [Worker-14: Launching Executing clean in C__Users_hvpra_Desktop_Yanjare_Micro-services_product-service] INFO  o.eclipse.m2e.core.internal.Bundles - 	Entry: C:\Users\hvpra\.p2\pool\plugins\org.eclipse.m2e.maven.runtime_3.9.900.20240824-1409\jars\jansi-2.4.1.jar
2025-11-14 12:15:17,911 [Worker-14: Launching Executing clean in C__Users_hvpra_Desktop_Yanjare_Micro-services_product-service] INFO  o.eclipse.m2e.core.internal.Bundles - 	Entry: C:\Users\hvpra\.p2\pool\plugins\org.eclipse.m2e.maven.runtime_3.9.900.20240824-1409\jars\jcl-over-slf4j-1.7.36.jar
2025-11-14 12:15:17,911 [Worker-14: Launching Executing clean in C__Users_hvpra_Desktop_Yanjare_Micro-services_product-service] INFO  o.eclipse.m2e.core.internal.Bundles - 	Entry: C:\Users\hvpra\.p2\pool\plugins\org.eclipse.m2e.maven.runtime_3.9.900.20240824-1409\jars\maven-artifact-3.9.9.jar
2025-11-14 12:15:17,912 [Worker-14: Launching Executing clean in C__Users_hvpra_Desktop_Yanjare_Micro-services_product-service] INFO  o.eclipse.m2e.core.internal.Bundles - 	Entry: C:\Users\hvpra\.p2\pool\plugins\org.eclipse.m2e.maven.runtime_3.9.900.20240824-1409\jars\maven-builder-support-3.9.9.jar
2025-11-14 12:15:17,912 [Worker-14: Launching Executing clean in C__Users_hvpra_Desktop_Yanjare_Micro-services_product-service] INFO  o.eclipse.m2e.core.internal.Bundles - 	Entry: C:\Users\hvpra\.p2\pool\plugins\org.eclipse.m2e.maven.runtime_3.9.900.20240824-1409\jars\maven-compat-3.9.9.jar
2025-11-14 12:15:17,912 [Worker-14: Launching Executing clean in C__Users_hvpra_Desktop_Yanjare_Micro-services_product-service] INFO  o.eclipse.m2e.core.internal.Bundles - 	Entry: C:\Users\hvpra\.p2\pool\plugins\org.eclipse.m2e.maven.runtime_3.9.900.20240824-1409\jars\maven-core-3.9.9.jar
2025-11-14 12:15:17,913 [Worker-14: Launching Executing clean in C__Users_hvpra_Desktop_Yanjare_Micro-services_product-service] INFO  o.eclipse.m2e.core.internal.Bundles - 	Entry: C:\Users\hvpra\.p2\pool\plugins\org.eclipse.m2e.maven.runtime_3.9.900.20240824-1409\jars\maven-embedder-3.9.9.jar
2025-11-14 12:15:17,913 [Worker-14: Launching Executing clean in C__Users_hvpra_Desktop_Yanjare_Micro-services_product-service] INFO  o.eclipse.m2e.core.internal.Bundles - 	Entry: C:\Users\hvpra\.p2\pool\plugins\org.eclipse.m2e.maven.runtime_3.9.900.20240824-1409\jars\maven-model-3.9.9.jar
2025-11-14 12:15:17,913 [Worker-14: Launching Executing clean in C__Users_hvpra_Desktop_Yanjare_Micro-services_product-service] INFO  o.eclipse.m2e.core.internal.Bundles - 	Entry: C:\Users\hvpra\.p2\pool\plugins\org.eclipse.m2e.maven.runtime_3.9.900.20240824-1409\jars\maven-model-builder-3.9.9.jar
2025-11-14 12:15:17,913 [Worker-14: Launching Executing clean in C__Users_hvpra_Desktop_Yanjare_Micro-services_product-service] INFO  o.eclipse.m2e.core.internal.Bundles - 	Entry: C:\Users\hvpra\.p2\pool\plugins\org.eclipse.m2e.maven.runtime_3.9.900.20240824-1409\jars\maven-plugin-api-3.9.9.jar
2025-11-14 12:15:17,914 [Worker-14: Launching Executing clean in C__Users_hvpra_Desktop_Yanjare_Micro-services_product-service] INFO  o.eclipse.m2e.core.internal.Bundles - 	Entry: C:\Users\hvpra\.p2\pool\plugins\org.eclipse.m2e.maven.runtime_3.9.900.20240824-1409\jars\maven-repository-metadata-3.9.9.jar
2025-11-14 12:15:17,914 [Worker-14: Launching Executing clean in C__Users_hvpra_Desktop_Yanjare_Micro-services_product-service] INFO  o.eclipse.m2e.core.internal.Bundles - 	Entry: C:\Users\hvpra\.p2\pool\plugins\org.eclipse.m2e.maven.runtime_3.9.900.20240824-1409\jars\maven-resolver-api-1.9.22.jar
2025-11-14 12:15:17,914 [Worker-14: Launching Executing clean in C__Users_hvpra_Desktop_Yanjare_Micro-services_product-service] INFO  o.eclipse.m2e.core.internal.Bundles - 	Entry: C:\Users\hvpra\.p2\pool\plugins\org.eclipse.m2e.maven.runtime_3.9.900.20240824-1409\jars\maven-resolver-connector-basic-1.9.22.jar
2025-11-14 12:15:17,915 [Worker-14: Launching Executing clean in C__Users_hvpra_Desktop_Yanjare_Micro-services_product-service] INFO  o.eclipse.m2e.core.internal.Bundles - 	Entry: C:\Users\hvpra\.p2\pool\plugins\org.eclipse.m2e.maven.runtime_3.9.900.20240824-1409\jars\maven-resolver-impl-1.9.22.jar
2025-11-14 12:15:17,915 [Worker-14: Launching Executing clean in C__Users_hvpra_Desktop_Yanjare_Micro-services_product-service] INFO  o.eclipse.m2e.core.internal.Bundles - 	Entry: C:\Users\hvpra\.p2\pool\plugins\org.eclipse.m2e.maven.runtime_3.9.900.20240824-1409\jars\maven-resolver-named-locks-1.9.22.jar
2025-11-14 12:15:17,915 [Worker-14: Launching Executing clean in C__Users_hvpra_Desktop_Yanjare_Micro-services_product-service] INFO  o.eclipse.m2e.core.internal.Bundles - 	Entry: C:\Users\hvpra\.p2\pool\plugins\org.eclipse.m2e.maven.runtime_3.9.900.20240824-1409\jars\maven-resolver-provider-3.9.9.jar
2025-11-14 12:15:17,916 [Worker-14: Launching Executing clean in C__Users_hvpra_Desktop_Yanjare_Micro-services_product-service] INFO  o.eclipse.m2e.core.internal.Bundles - 	Entry: C:\Users\hvpra\.p2\pool\plugins\org.eclipse.m2e.maven.runtime_3.9.900.20240824-1409\jars\maven-resolver-spi-1.9.22.jar
2025-11-14 12:15:17,917 [Worker-14: Launching Executing clean in C__Users_hvpra_Desktop_Yanjare_Micro-services_product-service] INFO  o.eclipse.m2e.core.internal.Bundles - 	Entry: C:\Users\hvpra\.p2\pool\plugins\org.eclipse.m2e.maven.runtime_3.9.900.20240824-1409\jars\maven-resolver-transport-file-1.9.22.jar
2025-11-14 12:15:17,917 [Worker-14: Launching Executing clean in C__Users_hvpra_Desktop_Yanjare_Micro-services_product-service] INFO  o.eclipse.m2e.core.internal.Bundles - 	Entry: C:\Users\hvpra\.p2\pool\plugins\org.eclipse.m2e.maven.runtime_3.9.900.20240824-1409\jars\maven-resolver-transport-http-1.9.22.jar
2025-11-14 12:15:17,918 [Worker-14: Launching Executing clean in C__Users_hvpra_Desktop_Yanjare_Micro-services_product-service] INFO  o.eclipse.m2e.core.internal.Bundles - 	Entry: C:\Users\hvpra\.p2\pool\plugins\org.eclipse.m2e.maven.runtime_3.9.900.20240824-1409\jars\maven-resolver-transport-wagon-1.9.22.jar
2025-11-14 12:15:17,918 [Worker-14: Launching Executing clean in C__Users_hvpra_Desktop_Yanjare_Micro-services_product-service] INFO  o.eclipse.m2e.core.internal.Bundles - 	Entry: C:\Users\hvpra\.p2\pool\plugins\org.eclipse.m2e.maven.runtime_3.9.900.20240824-1409\jars\maven-resolver-util-1.9.22.jar
2025-11-14 12:15:17,918 [Worker-14: Launching Executing clean in C__Users_hvpra_Desktop_Yanjare_Micro-services_product-service] INFO  o.eclipse.m2e.core.internal.Bundles - 	Entry: C:\Users\hvpra\.p2\pool\plugins\org.eclipse.m2e.maven.runtime_3.9.900.20240824-1409\jars\maven-settings-3.9.9.jar
2025-11-14 12:15:17,918 [Worker-14: Launching Executing clean in C__Users_hvpra_Desktop_Yanjare_Micro-services_product-service] INFO  o.eclipse.m2e.core.internal.Bundles - 	Entry: C:\Users\hvpra\.p2\pool\plugins\org.eclipse.m2e.maven.runtime_3.9.900.20240824-1409\jars\maven-settings-builder-3.9.9.jar
2025-11-14 12:15:17,919 [Worker-14: Launching Executing clean in C__Users_hvpra_Desktop_Yanjare_Micro-services_product-service] INFO  o.eclipse.m2e.core.internal.Bundles - 	Entry: C:\Users\hvpra\.p2\pool\plugins\org.eclipse.m2e.maven.runtime_3.9.900.20240824-1409\jars\maven-shared-utils-3.4.2.jar
2025-11-14 12:15:17,919 [Worker-14: Launching Executing clean in C__Users_hvpra_Desktop_Yanjare_Micro-services_product-service] INFO  o.eclipse.m2e.core.internal.Bundles - 	Entry: C:\Users\hvpra\.p2\pool\plugins\org.eclipse.m2e.maven.runtime_3.9.900.20240824-1409\jars\org.eclipse.sisu.inject-0.9.0.M3.jar
2025-11-14 12:15:17,919 [Worker-14: Launching Executing clean in C__Users_hvpra_Desktop_Yanjare_Micro-services_product-service] INFO  o.eclipse.m2e.core.internal.Bundles - 	Entry: C:\Users\hvpra\.p2\pool\plugins\org.eclipse.m2e.maven.runtime_3.9.900.20240824-1409\jars\org.eclipse.sisu.plexus-0.9.0.M3.jar
2025-11-14 12:15:17,919 [Worker-14: Launching Executing clean in C__Users_hvpra_Desktop_Yanjare_Micro-services_product-service] INFO  o.eclipse.m2e.core.internal.Bundles - 	Entry: C:\Users\hvpra\.p2\pool\plugins\org.eclipse.m2e.maven.runtime_3.9.900.20240824-1409\jars\plexus-build-api-0.0.7.jar
2025-11-14 12:15:17,919 [Worker-14: Launching Executing clean in C__Users_hvpra_Desktop_Yanjare_Micro-services_product-service] INFO  o.eclipse.m2e.core.internal.Bundles - 	Entry: C:\Users\hvpra\.p2\pool\plugins\org.eclipse.m2e.maven.runtime_3.9.900.20240824-1409\jars\plexus-build-api-1.2.0.jar
2025-11-14 12:15:17,920 [Worker-14: Launching Executing clean in C__Users_hvpra_Desktop_Yanjare_Micro-services_product-service] INFO  o.eclipse.m2e.core.internal.Bundles - 	Entry: C:\Users\hvpra\.p2\pool\plugins\org.eclipse.m2e.maven.runtime_3.9.900.20240824-1409\jars\plexus-cipher-2.0.jar
2025-11-14 12:15:17,920 [Worker-14: Launching Executing clean in C__Users_hvpra_Desktop_Yanjare_Micro-services_product-service] INFO  o.eclipse.m2e.core.internal.Bundles - 	Entry: C:\Users\hvpra\.p2\pool\plugins\org.eclipse.m2e.maven.runtime_3.9.900.20240824-1409\jars\plexus-classworlds-2.8.0.jar
2025-11-14 12:15:17,920 [Worker-14: Launching Executing clean in C__Users_hvpra_Desktop_Yanjare_Micro-services_product-service] INFO  o.eclipse.m2e.core.internal.Bundles - 	Entry: C:\Users\hvpra\.p2\pool\plugins\org.eclipse.m2e.maven.runtime_3.9.900.20240824-1409\jars\plexus-component-annotations-2.1.0.jar
2025-11-14 12:15:17,920 [Worker-14: Launching Executing clean in C__Users_hvpra_Desktop_Yanjare_Micro-services_product-service] INFO  o.eclipse.m2e.core.internal.Bundles - 	Entry: C:\Users\hvpra\.p2\pool\plugins\org.eclipse.m2e.maven.runtime_3.9.900.20240824-1409\jars\plexus-interpolation-1.27.jar
2025-11-14 12:15:17,920 [Worker-14: Launching Executing clean in C__Users_hvpra_Desktop_Yanjare_Micro-services_product-service] INFO  o.eclipse.m2e.core.internal.Bundles - 	Entry: C:\Users\hvpra\.p2\pool\plugins\org.eclipse.m2e.maven.runtime_3.9.900.20240824-1409\jars\plexus-sec-dispatcher-2.0.jar
2025-11-14 12:15:17,920 [Worker-14: Launching Executing clean in C__Users_hvpra_Desktop_Yanjare_Micro-services_product-service] INFO  o.eclipse.m2e.core.internal.Bundles - 	Entry: C:\Users\hvpra\.p2\pool\plugins\org.eclipse.m2e.maven.runtime_3.9.900.20240824-1409\jars\plexus-utils-3.5.1.jar
2025-11-14 12:15:17,921 [Worker-14: Launching Executing clean in C__Users_hvpra_Desktop_Yanjare_Micro-services_product-service] INFO  o.eclipse.m2e.core.internal.Bundles - 	Entry: C:\Users\hvpra\.p2\pool\plugins\org.eclipse.m2e.maven.runtime_3.9.900.20240824-1409\jars\plexus-xml-3.0.1.jar
2025-11-14 12:15:17,921 [Worker-14: Launching Executing clean in C__Users_hvpra_Desktop_Yanjare_Micro-services_product-service] INFO  o.eclipse.m2e.core.internal.Bundles - 	Entry: C:\Users\hvpra\.p2\pool\plugins\org.eclipse.m2e.maven.runtime_3.9.900.20240824-1409\jars\wagon-file-3.5.3.jar
2025-11-14 12:15:17,921 [Worker-14: Launching Executing clean in C__Users_hvpra_Desktop_Yanjare_Micro-services_product-service] INFO  o.eclipse.m2e.core.internal.Bundles - 	Entry: C:\Users\hvpra\.p2\pool\plugins\org.eclipse.m2e.maven.runtime_3.9.900.20240824-1409\jars\wagon-http-3.5.3.jar
2025-11-14 12:15:17,921 [Worker-14: Launching Executing clean in C__Users_hvpra_Desktop_Yanjare_Micro-services_product-service] INFO  o.eclipse.m2e.core.internal.Bundles - 	Entry: C:\Users\hvpra\.p2\pool\plugins\org.eclipse.m2e.maven.runtime_3.9.900.20240824-1409\jars\wagon-http-shared-3.5.3.jar
2025-11-14 12:15:17,921 [Worker-14: Launching Executing clean in C__Users_hvpra_Desktop_Yanjare_Micro-services_product-service] INFO  o.eclipse.m2e.core.internal.Bundles - 	Entry: C:\Users\hvpra\.p2\pool\plugins\org.eclipse.m2e.maven.runtime_3.9.900.20240824-1409\jars\wagon-provider-api-3.5.3.jar
2025-11-14 12:15:17,923 [Worker-14: Launching Executing clean in C__Users_hvpra_Desktop_Yanjare_Micro-services_product-service] INFO  o.eclipse.m2e.core.internal.Bundles - getClasspathEntries(Bundle=com.google.guava_33.4.0.jre [530])
2025-11-14 12:15:17,924 [Worker-14: Launching Executing clean in C__Users_hvpra_Desktop_Yanjare_Micro-services_product-service] INFO  o.eclipse.m2e.core.internal.Bundles - 	Entry: C:\Users\hvpra\.p2\pool\plugins\com.google.guava_33.4.0.jre.jar
2025-11-14 12:15:17,924 [Worker-14: Launching Executing clean in C__Users_hvpra_Desktop_Yanjare_Micro-services_product-service] INFO  o.eclipse.m2e.core.internal.Bundles - getClasspathEntries(Bundle=slf4j.api_2.0.17 [704])
2025-11-14 12:15:17,924 [Worker-14: Launching Executing clean in C__Users_hvpra_Desktop_Yanjare_Micro-services_product-service] INFO  o.eclipse.m2e.core.internal.Bundles - 	Entry: C:\Users\hvpra\.p2\pool\plugins\slf4j.api_2.0.17.jar
2025-11-14 12:15:17,925 [Worker-14: Launching Executing clean in C__Users_hvpra_Desktop_Yanjare_Micro-services_product-service] INFO  o.eclipse.m2e.core.internal.Bundles - getClasspathEntries(Bundle=jakarta.inject.jakarta.inject-api_1.0.5 [22])
2025-11-14 12:15:17,925 [Worker-14: Launching Executing clean in C__Users_hvpra_Desktop_Yanjare_Micro-services_product-service] INFO  o.eclipse.m2e.core.internal.Bundles - 	Entry: C:\Users\hvpra\.p2\pool\plugins\jakarta.inject.jakarta.inject-api_1.0.5.jar
2025-11-14 12:15:17,925 [Worker-14: Launching Executing clean in C__Users_hvpra_Desktop_Yanjare_Micro-services_product-service] INFO  o.eclipse.m2e.core.internal.Bundles - getClasspathEntries(Bundle=jakarta.annotation-api_1.3.5 [20])
2025-11-14 12:15:17,926 [Worker-14: Launching Executing clean in C__Users_hvpra_Desktop_Yanjare_Micro-services_product-service] INFO  o.eclipse.m2e.core.internal.Bundles - 	Entry: C:\Users\hvpra\.p2\pool\plugins\jakarta.annotation-api_1.3.5.jar
2025-11-14 12:15:17,926 [Worker-14: Launching Executing clean in C__Users_hvpra_Desktop_Yanjare_Micro-services_product-service] INFO  o.eclipse.m2e.core.internal.Bundles - getClasspathEntries(Bundle=org.apache.commons.cli_1.9.0 [47])
2025-11-14 12:15:17,926 [Worker-14: Launching Executing clean in C__Users_hvpra_Desktop_Yanjare_Micro-services_product-service] INFO  o.eclipse.m2e.core.internal.Bundles - 	Entry: C:\Users\hvpra\.p2\pool\plugins\org.apache.commons.cli_1.9.0.jar
2025-11-14 12:15:17,926 [Worker-14: Launching Executing clean in C__Users_hvpra_Desktop_Yanjare_Micro-services_product-service] INFO  o.eclipse.m2e.core.internal.Bundles - getClasspathEntries(Bundle=org.apache.commons.commons-codec_1.16.0 [50])
2025-11-14 12:15:17,927 [Worker-14: Launching Executing clean in C__Users_hvpra_Desktop_Yanjare_Micro-services_product-service] INFO  o.eclipse.m2e.core.internal.Bundles - 	Entry: C:\Users\hvpra\.p2\pool\plugins\org.apache.commons.commons-codec_1.16.0.jar
2025-11-14 12:15:17,927 [Worker-14: Launching Executing clean in C__Users_hvpra_Desktop_Yanjare_Micro-services_product-service] INFO  o.eclipse.m2e.core.internal.Bundles - getClasspathEntries(Bundle=com.google.guava.failureaccess_1.0.2 [11])
2025-11-14 12:15:17,927 [Worker-14: Launching Executing clean in C__Users_hvpra_Desktop_Yanjare_Micro-services_product-service] INFO  o.eclipse.m2e.core.internal.Bundles - 	Entry: C:\Users\hvpra\.p2\pool\plugins\com.google.guava.failureaccess_1.0.2.jar
2025-11-14 12:15:17,931 [Worker-14: Launching Executing clean in C__Users_hvpra_Desktop_Yanjare_Micro-services_product-service] INFO  o.e.m.i.launch.MavenLaunchDelegate - Run build in "C:\Users\hvpra\Desktop\Yanjare\Micro-services\product-service":
2025-11-14 12:15:17,937 [Worker-14: Launching Executing clean in C__Users_hvpra_Desktop_Yanjare_Micro-services_product-service] INFO  o.e.m.i.launch.MavenLaunchDelegate -  mvn  -B -Dstyle.color=always clean
2025-11-14 12:15:17,938 [Worker-14: Launching Executing clean in C__Users_hvpra_Desktop_Yanjare_Micro-services_product-service] WARN  o.e.m.i.l.MavenLaunchExtensionsSupport - Unknown or unsupported source locator org.eclipse.jdt.internal.launching.sourcelookup.advanced.AdvancedSourceLookupDirector
2025-11-14 12:15:19,387 [Worker-14: Launching Executing clean in C__Users_hvpra_Desktop_Yanjare_Micro-services_product-service] WARN  o.e.m.c.i.embedder.EclipseLogger - The POM for org.mongodb:mongodb-driver-core:jar:5.5.2 is invalid, transitive dependencies (if any) will not be available: 4 problems were encountered while building the effective model for org.mongodb:mongodb-driver-core:5.5.2
[FATAL] Non-parseable POM C:\Users\hvpra\.m2\repository\io\netty\netty-bom\4.1.87.Final\netty-bom-4.1.87.Final.pom: end tag name </head> must be the same as start tag <link> from line 15 (position: TEXT seen ...</script>\n\n\n</head>... @20:8)  @ C:\Users\hvpra\.m2\repository\io\netty\netty-bom\4.1.87.Final\netty-bom-4.1.87.Final.pom, line 20, column 8
[ERROR] 'dependencies.dependency.version' for io.netty:netty-buffer:jar is missing. @ 
[ERROR] 'dependencies.dependency.version' for io.netty:netty-handler:jar is missing. @ 
[ERROR] 'dependencies.dependency.version' for io.netty:netty-transport:jar is missing. @ 

2025-11-14 12:15:26,501 [Worker-2: Building] INFO  o.a.m.s.f.DefaultMavenResourcesFiltering - Copying 1 resource from src\main\resources to target\classes
2025-11-14 12:15:26,535 [Worker-2: Building] INFO  o.a.m.s.f.DefaultMavenResourcesFiltering - Copying 0 resource from src\main\resources to target\classes
2025-11-14 12:15:26,542 [Worker-2: Building] INFO  o.a.m.s.f.DefaultMavenResourcesFiltering - skip non existing resourceDirectory C:\Users\hvpra\Desktop\Yanjare\Micro-services\product-service\src\test\resources
2025-11-14 12:18:22,449 [Worker-10: Building] INFO  o.a.m.s.f.DefaultMavenResourcesFiltering - Copying 1 resource from src\main\resources to target\classes
2025-11-14 12:18:22,456 [Worker-10: Building] INFO  o.a.m.s.f.DefaultMavenResourcesFiltering - Copying 0 resource from src\main\resources to target\classes
2025-11-14 12:18:22,461 [Worker-10: Building] INFO  o.a.m.s.f.DefaultMavenResourcesFiltering - skip non existing resourceDirectory C:\Users\hvpra\Desktop\Yanjare\Micro-services\product-service\src\test\resources
2025-11-14 12:19:57,724 [Worker-2: Building] INFO  o.a.m.s.f.DefaultMavenResourcesFiltering - Copying 1 resource from src\main\resources to target\classes
2025-11-14 12:19:57,732 [Worker-2: Building] INFO  o.a.m.s.f.DefaultMavenResourcesFiltering - Copying 0 resource from src\main\resources to target\classes
2025-11-14 12:19:57,737 [Worker-2: Building] INFO  o.a.m.s.f.DefaultMavenResourcesFiltering - skip non existing resourceDirectory C:\Users\hvpra\Desktop\Yanjare\Micro-services\product-service\src\test\resources
2025-11-14 12:20:18,485 [Worker-14: Building] INFO  o.a.m.s.f.DefaultMavenResourcesFiltering - Copying 1 resource from src\main\resources to target\classes
2025-11-14 12:20:18,489 [Worker-14: Building] INFO  o.a.m.s.f.DefaultMavenResourcesFiltering - Copying 0 resource from src\main\resources to target\classes
2025-11-14 12:20:18,493 [Worker-14: Building] INFO  o.a.m.s.f.DefaultMavenResourcesFiltering - skip non existing resourceDirectory C:\Users\hvpra\Desktop\Yanjare\Micro-services\product-service\src\test\resources
2025-11-14 12:20:41,230 [Worker-14: Building] INFO  o.a.m.s.f.DefaultMavenResourcesFiltering - Copying 1 resource from src\main\resources to target\classes
2025-11-14 12:20:41,310 [Worker-14: Building] INFO  o.a.m.s.f.DefaultMavenResourcesFiltering - Copying 0 resource from src\main\resources to target\classes
2025-11-14 12:20:41,321 [Worker-14: Building] INFO  o.a.m.s.f.DefaultMavenResourcesFiltering - skip non existing resourceDirectory C:\Users\hvpra\Desktop\Yanjare\Micro-services\product-service\src\test\resources
2025-11-14 12:25:19,128 [Worker-17: Building] INFO  o.a.m.s.f.DefaultMavenResourcesFiltering - Copying 1 resource from src\main\resources to target\classes
2025-11-14 12:25:19,136 [Worker-17: Building] INFO  o.a.m.s.f.DefaultMavenResourcesFiltering - Copying 0 resource from src\main\resources to target\classes
2025-11-14 12:25:19,141 [Worker-17: Building] INFO  o.a.m.s.f.DefaultMavenResourcesFiltering - skip non existing resourceDirectory C:\Users\hvpra\Desktop\Yanjare\Micro-services\product-service\src\test\resources
2025-11-14 12:26:15,176 [Worker-15: Building] INFO  o.a.m.s.f.DefaultMavenResourcesFiltering - Copying 1 resource from src\main\resources to target\classes
2025-11-14 12:26:15,182 [Worker-15: Building] INFO  o.a.m.s.f.DefaultMavenResourcesFiltering - Copying 0 resource from src\main\resources to target\classes
2025-11-14 12:26:15,187 [Worker-15: Building] INFO  o.a.m.s.f.DefaultMavenResourcesFiltering - skip non existing resourceDirectory C:\Users\hvpra\Desktop\Yanjare\Micro-services\product-service\src\test\resources
2025-11-14 12:26:37,597 [Worker-0: Loading available Gradle versions] INFO  o.e.b.c.i.u.g.PublishedGradleVersions - Gradle version information cache is up-to-date. Trying to read.
2025-11-14 12:31:57,574 [Worker-13: Updating Maven Project] INFO  o.e.m.c.i.p.ProjectConfigurationManager - Update started
2025-11-14 12:31:59,224 [Worker-13: Updating Maven Project] INFO  o.e.m.c.i.l.LifecycleMappingFactory - Using org.eclipse.m2e.jdt.JarLifecycleMapping lifecycle mapping for MavenProject: com.yg.microservices:product-service:0.0.1-SNAPSHOT @ C:\Users\hvpra\Desktop\Yanjare\Micro-services\product-service\pom.xml.
2025-11-14 12:31:59,434 [Worker-13: Updating Maven Project] WARN  o.e.m.c.i.embedder.EclipseLogger - The POM for org.mongodb:mongodb-driver-core:jar:5.5.2 is invalid, transitive dependencies (if any) will not be available: 4 problems were encountered while building the effective model for org.mongodb:mongodb-driver-core:5.5.2
[FATAL] Non-parseable POM C:\Users\hvpra\.m2\repository\io\netty\netty-bom\4.1.87.Final\netty-bom-4.1.87.Final.pom: end tag name </head> must be the same as start tag <link> from line 15 (position: TEXT seen ...</script>\n\n\n</head>... @20:8)  @ C:\Users\hvpra\.m2\repository\io\netty\netty-bom\4.1.87.Final\netty-bom-4.1.87.Final.pom, line 20, column 8
[ERROR] 'dependencies.dependency.version' for io.netty:netty-buffer:jar is missing. @ 
[ERROR] 'dependencies.dependency.version' for io.netty:netty-handler:jar is missing. @ 
[ERROR] 'dependencies.dependency.version' for io.netty:netty-transport:jar is missing. @ 

2025-11-14 12:32:00,708 [Worker-13: Updating Maven Project] INFO  o.e.m.j.i.AbstractJavaProjectConfigurator - Adding source folder /product-service/src/main/java
2025-11-14 12:32:00,711 [Worker-13: Updating Maven Project] INFO  o.e.m.j.i.AbstractJavaProjectConfigurator - Adding resource folder /product-service/src/main/resources
2025-11-14 12:32:00,713 [Worker-13: Updating Maven Project] INFO  o.e.m.j.i.AbstractJavaProjectConfigurator - Adding resource folder /product-service/src/main/resources
2025-11-14 12:32:00,714 [Worker-13: Updating Maven Project] INFO  o.e.m.j.i.AbstractJavaProjectConfigurator - Adding source folder /product-service/src/test/java
2025-11-14 12:32:00,715 [Worker-13: Updating Maven Project] INFO  o.e.m.j.i.AbstractJavaProjectConfigurator - Adding resource folder /product-service/src/test/resources
2025-11-14 12:32:01,204 [Worker-13: Updating Maven Project] INFO  o.e.m.c.i.p.ProjectConfigurationManager - Update completed for 1 poms: local refresh takes 0.00 sec, refresh facades takes 2.00 sec, update config takes 0.00 sec 
2025-11-14 12:32:01,980 [Worker-10: Building] INFO  o.a.m.s.f.DefaultMavenResourcesFiltering - Copying 1 resource from src\main\resources to target\classes
2025-11-14 12:32:02,006 [Worker-10: Building] INFO  o.a.m.s.f.DefaultMavenResourcesFiltering - Copying 0 resource from src\main\resources to target\classes
2025-11-14 12:32:02,013 [Worker-10: Building] INFO  o.a.m.s.f.DefaultMavenResourcesFiltering - skip non existing resourceDirectory C:\Users\hvpra\Desktop\Yanjare\Micro-services\product-service\src\test\resources
2025-11-14 12:32:14,390 [Worker-13: Building] INFO  o.a.m.s.f.DefaultMavenResourcesFiltering - Copying 1 resource from src\main\resources to target\classes
2025-11-14 12:32:14,397 [Worker-13: Building] INFO  o.a.m.s.f.DefaultMavenResourcesFiltering - Copying 0 resource from src\main\resources to target\classes
2025-11-14 12:32:14,404 [Worker-13: Building] INFO  o.a.m.s.f.DefaultMavenResourcesFiltering - skip non existing resourceDirectory C:\Users\hvpra\Desktop\Yanjare\Micro-services\product-service\src\test\resources
